Determining if the pthread_create exist failed with the following output:
Change Dir: /var/opt/arc/ctrl.app/src/planner/gtc/build/CMakeFiles/CMakeTmp

Run Build Command:"/usr/bin/make" "cmTC_ac4f2/fast"
/usr/bin/make -f CMakeFiles/cmTC_ac4f2.dir/build.make CMakeFiles/cmTC_ac4f2.dir/build
make[1]: Entering directory '/var/opt/arc/ctrl.app/src/planner/gtc/build/CMakeFiles/CMakeTmp'
Building C object CMakeFiles/cmTC_ac4f2.dir/CheckSymbolExists.c.o
/usr/bin/cc     -o CMakeFiles/cmTC_ac4f2.dir/CheckSymbolExists.c.o   -c /var/opt/arc/ctrl.app/src/planner/gtc/build/CMakeFiles/CMakeTmp/CheckSymbolExists.c
Linking C executable cmTC_ac4f2
/usr/bin/cmake -E cmake_link_script CMakeFiles/cmTC_ac4f2.dir/link.txt --verbose=1
/usr/bin/cc       CMakeFiles/cmTC_ac4f2.dir/CheckSymbolExists.c.o  -o cmTC_ac4f2 
CMakeFiles/cmTC_ac4f2.dir/CheckSymbolExists.c.o: In function `main':
CheckSymbolExists.c:(.text+0x38): undefined reference to `pthread_create'
collect2: error: ld returned 1 exit status
CMakeFiles/cmTC_ac4f2.dir/build.make:97: recipe for target 'cmTC_ac4f2' failed
make[1]: *** [cmTC_ac4f2] Error 1
make[1]: Leaving directory '/var/opt/arc/ctrl.app/src/planner/gtc/build/CMakeFiles/CMakeTmp'
Makefile:126: recipe for target 'cmTC_ac4f2/fast' failed
make: *** [cmTC_ac4f2/fast] Error 2

File /var/opt/arc/ctrl.app/src/planner/gtc/build/CMakeFiles/CMakeTmp/CheckSymbolExists.c:
/* */
#include <pthread.h>

int main(int argc, char** argv)
{
  (void)argv;
#ifndef pthread_create
  return ((int*)(&pthread_create))[argc];
#else
  (void)argc;
  return 0;
#endif
}

Determining if the function pthread_create exists in the pthreads failed with the following output:
Change Dir: /var/opt/arc/ctrl.app/src/planner/gtc/build/CMakeFiles/CMakeTmp

Run Build Command:"/usr/bin/make" "cmTC_e1538/fast"
/usr/bin/make -f CMakeFiles/cmTC_e1538.dir/build.make CMakeFiles/cmTC_e1538.dir/build
make[1]: Entering directory '/var/opt/arc/ctrl.app/src/planner/gtc/build/CMakeFiles/CMakeTmp'
Building C object CMakeFiles/cmTC_e1538.dir/CheckFunctionExists.c.o
/usr/bin/cc    -DCHECK_FUNCTION_EXISTS=pthread_create   -o CMakeFiles/cmTC_e1538.dir/CheckFunctionExists.c.o   -c /usr/share/cmake-3.7/Modules/CheckFunctionExists.c
Linking C executable cmTC_e1538
/usr/bin/cmake -E cmake_link_script CMakeFiles/cmTC_e1538.dir/link.txt --verbose=1
/usr/bin/cc   -DCHECK_FUNCTION_EXISTS=pthread_create    CMakeFiles/cmTC_e1538.dir/CheckFunctionExists.c.o  -o cmTC_e1538 -lpthreads 
/usr/bin/ld: cannot find -lpthreads
collect2: error: ld returned 1 exit status
CMakeFiles/cmTC_e1538.dir/build.make:97: recipe for target 'cmTC_e1538' failed
make[1]: *** [cmTC_e1538] Error 1
make[1]: Leaving directory '/var/opt/arc/ctrl.app/src/planner/gtc/build/CMakeFiles/CMakeTmp'
Makefile:126: recipe for target 'cmTC_e1538/fast' failed
make: *** [cmTC_e1538/fast] Error 2


